<?xml version="1.0" encoding="UTF-8"?>
<!-- Generated by org.testng.reporters.JUnitXMLReporter -->
<testsuite ignored="0" hostname="DESKTOP-5H50MM9" failures="1" tests="2" name="Default test" time="19.211" errors="0" timestamp="2024-03-16T13:01:44 IST">
  <testcase classname="io.cucumber.testng.AbstractTestNGCucumberTests" name="runScenario" time="15.766">
    <failure type="java.lang.AssertionError" message="expected [No data] but found [Beetroot]">
      <![CDATA[java.lang.AssertionError: expected [No data] but found [Beetroot]
at org.testng.Assert.fail(Assert.java:111)
at org.testng.Assert.failNotEquals(Assert.java:1578)
at org.testng.Assert.assertEqualsImpl(Assert.java:150)
at org.testng.Assert.assertEquals(Assert.java:132)
at org.testng.Assert.assertEquals(Assert.java:656)
at org.testng.Assert.assertEquals(Assert.java:666)
at Stepdefintion.OfferpageStepdefintion.validate_productname_in_offer_page_matches_with_landing_page(OfferpageStepdefintion.java:46)
at ✽.Validate productname in offer page matches with landing page(file:///C:/Users/DELL/eclipse-workspace/CucumberTutorial/src/test/java/featurefile/searchproduct.feature:8)
]]>
    </failure>
  </testcase> <!-- runScenario -->
  <testcase classname="io.cucumber.testng.AbstractTestNGCucumberTests" name="runScenario" time="16.899"/>
</testsuite> <!-- Default test -->
