<?xml version="1.0" encoding="UTF-8"?>
<!-- Generated by org.testng.reporters.JUnitReportReporter -->
<testsuite hostname="DESKTOP-5H50MM9" failures="1" tests="2" name="Testrunner.Testngtestrunner" time="32.665" errors="0" timestamp="2024-03-16T13:01:45 IST" skipped="0">
  <testcase classname="Testrunner.Testngtestrunner" name="runScenario" time="16.899"/>
  <testcase classname="Testrunner.Testngtestrunner" name="runScenario" time="15.766">
    <failure message="expected [No data] but found [Beetroot]" type="java.lang.AssertionError">
      <![CDATA[java.lang.AssertionError: expected [No data] but found [Beetroot]
at org.testng.Assert.fail(Assert.java:111)
at org.testng.Assert.failNotEquals(Assert.java:1578)
at org.testng.Assert.assertEqualsImpl(Assert.java:150)
at org.testng.Assert.assertEquals(Assert.java:132)
at org.testng.Assert.assertEquals(Assert.java:656)
at org.testng.Assert.assertEquals(Assert.java:666)
at Stepdefintion.OfferpageStepdefintion.validate_productname_in_offer_page_matches_with_landing_page(OfferpageStepdefintion.java:46)
at ✽.Validate productname in offer page matches with landing page(file:///C:/Users/DELL/eclipse-workspace/CucumberTutorial/src/test/java/featurefile/searchproduct.feature:8)
]]>
    </failure>
  </testcase> <!-- runScenario -->
</testsuite> <!-- Testrunner.Testngtestrunner -->
